Determining if the pthread_create exist failed with the following output:
Change Dir: /home/turtlebot/ros/indigo/catkin_ws/build/CMakeFiles/CMakeTmp

Run Build Command:/usr/bin/make "cmTryCompileExec1414683384/fast"
/usr/bin/make -f CMakeFiles/cmTryCompileExec1414683384.dir/build.make CMakeFiles/cmTryCompileExec1414683384.dir/build
make[1]: Entering directory `/home/turtlebot/ros/indigo/catkin_ws/build/CMakeFiles/CMakeTmp'
/usr/bin/cmake -E cmake_progress_report /home/turtlebot/ros/indigo/catkin_ws/build/CMakeFiles/CMakeTmp/CMakeFiles 1
Building C object CMakeFiles/cmTryCompileExec1414683384.dir/CheckSymbolExists.c.o
/usr/bin/cc    -o CMakeFiles/cmTryCompileExec1414683384.dir/CheckSymbolExists.c.o   -c /home/turtlebot/ros/indigo/catkin_ws/build/CMakeFiles/CMakeTmp/CheckSymbolExists.c
Linking C executable cmTryCompileExec1414683384
/usr/bin/cmake -E cmake_link_script CMakeFiles/cmTryCompileExec1414683384.dir/link.txt --verbose=1
/usr/bin/cc       CMakeFiles/cmTryCompileExec1414683384.dir/CheckSymbolExists.c.o  -o cmTryCompileExec1414683384 -rdynamic 
CMakeFiles/cmTryCompileExec1414683384.dir/CheckSymbolExists.c.o: In function `main':
CheckSymbolExists.c:(.text+0x16): undefined reference to `pthread_create'
collect2: error: ld returned 1 exit status
make[1]: *** [cmTryCompileExec1414683384] Error 1
make[1]: Leaving directory `/home/turtlebot/ros/indigo/catkin_ws/build/CMakeFiles/CMakeTmp'
make: *** [cmTryCompileExec1414683384/fast] Error 2

File /home/turtlebot/ros/indigo/catkin_ws/build/CMakeFiles/CMakeTmp/CheckSymbolExists.c:
/* */
#include <pthread.h>

int main(int argc, char** argv)
{
  (void)argv;
#ifndef pthread_create
  return ((int*)(&pthread_create))[argc];
#else
  (void)argc;
  return 0;
#endif
}

Determining if the function pthread_create exists in the pthreads failed with the following output:
Change Dir: /home/turtlebot/ros/indigo/catkin_ws/build/CMakeFiles/CMakeTmp

Run Build Command:/usr/bin/make "cmTryCompileExec1711497644/fast"
/usr/bin/make -f CMakeFiles/cmTryCompileExec1711497644.dir/build.make CMakeFiles/cmTryCompileExec1711497644.dir/build
make[1]: Entering directory `/home/turtlebot/ros/indigo/catkin_ws/build/CMakeFiles/CMakeTmp'
/usr/bin/cmake -E cmake_progress_report /home/turtlebot/ros/indigo/catkin_ws/build/CMakeFiles/CMakeTmp/CMakeFiles 1
Building C object CMakeFiles/cmTryCompileExec1711497644.dir/CheckFunctionExists.c.o
/usr/bin/cc   -DCHECK_FUNCTION_EXISTS=pthread_create   -o CMakeFiles/cmTryCompileExec1711497644.dir/CheckFunctionExists.c.o   -c /usr/share/cmake-2.8/Modules/CheckFunctionExists.c
Linking C executable cmTryCompileExec1711497644
/usr/bin/cmake -E cmake_link_script CMakeFiles/cmTryCompileExec1711497644.dir/link.txt --verbose=1
/usr/bin/cc   -DCHECK_FUNCTION_EXISTS=pthread_create    CMakeFiles/cmTryCompileExec1711497644.dir/CheckFunctionExists.c.o  -o cmTryCompileExec1711497644 -rdynamic -lpthreads 
/usr/bin/ld: cannot find -lpthreads
collect2: error: ld returned 1 exit status
make[1]: *** [cmTryCompileExec1711497644] Error 1
make[1]: Leaving directory `/home/turtlebot/ros/indigo/catkin_ws/build/CMakeFiles/CMakeTmp'
make: *** [cmTryCompileExec1711497644/fast] Error 2


